[Licensing::Module] Trying to connect to existing licensing client channel...
Built from '6000.2/staging' branch; Version is '6000.2.1f1 (55300504c302) revision 5582853'; Using compiler version '194234433'; Build Type 'Release'
[Licensing::IpcConnector] Successfully connected to: "LicenseClient-Steven" at "2025-10-01T03:10:56.2630617Z"
OS: 'Windows 11  (10.0.26100) 64bit Core' Language: 'en' Physical Memory: 49041 MB
BatchMode: 1, IsHumanControllingUs: 0, StartBugReporterOnCrash: 0, Is64bit: 1
Date: 2025-10-01T03:10:56Z

COMMAND LINE ARGUMENTS:
C:\Program Files\Unity\Hub\Editor\6000.2.1f1\Editor\Unity.exe
-adb2
-batchMode
-noUpm
-name
AssetImportWorker11
-projectPath
C:/Users/Steven/Documents/UnityProjects/MAGD372-SP25/MAGD372-SP25
-logFile
Logs/AssetImportWorker11.log
-srvPort
57418
-licensingIpc
LicenseClient-Steven
-job-worker-count
7
-background-job-worker-count
8
-gc-helper-count
1
-name
AssetImport
Successfully changed project path to: C:/Users/Steven/Documents/UnityProjects/MAGD372-SP25/MAGD372-SP25
C:/Users/Steven/Documents/UnityProjects/MAGD372-SP25/MAGD372-SP25
[UnityMemory] Configuration Parameters - Can be set up in boot.config
    "memorysetup-allocator-temp-initial-block-size-main=262144"
    "memorysetup-allocator-temp-initial-block-size-worker=262144"
    "memorysetup-bucket-allocator-granularity=16"
    "memorysetup-bucket-allocator-bucket-count=8"
    "memorysetup-bucket-allocator-block-size=33554432"
    "memorysetup-bucket-allocator-block-count=8"
    "memorysetup-main-allocator-block-size=16777216"
    "memorysetup-thread-allocator-block-size=16777216"
    "memorysetup-gfx-main-allocator-block-size=16777216"
    "memorysetup-gfx-thread-allocator-block-size=16777216"
    "memorysetup-cache-allocator-block-size=4194304"
    "memorysetup-typetree-allocator-block-size=2097152"
    "memorysetup-profiler-bucket-allocator-granularity=16"
    "memorysetup-profiler-bucket-allocator-bucket-count=8"
    "memorysetup-profiler-bucket-allocator-block-size=33554432"
    "memorysetup-profiler-bucket-allocator-block-count=8"
    "memorysetup-profiler-allocator-block-size=16777216"
    "memorysetup-profiler-editor-allocator-block-size=1048576"
    "memorysetup-temp-allocator-size-main=16777216"
    "memorysetup-job-temp-allocator-block-size=2097152"
    "memorysetup-job-temp-allocator-block-size-background=1048576"
    "memorysetup-job-temp-allocator-reduction-small-platforms=262144"
    "memorysetup-temp-allocator-size-background-worker=32768"
    "memorysetup-temp-allocator-size-job-worker=262144"
    "memorysetup-temp-allocator-size-preload-manager=33554432"
    "memorysetup-temp-allocator-size-nav-mesh-worker=65536"
    "memorysetup-temp-allocator-size-audio-worker=65536"
    "memorysetup-temp-allocator-size-cloud-worker=32768"
    "memorysetup-temp-allocator-size-gi-baking-worker=262144"
    "memorysetup-temp-allocator-size-gi-baking-worker=262144"
    "memorysetup-temp-allocator-size-gi-baking-worker=262144"
    "memorysetup-temp-allocator-size-gi-baking-worker=262144"
    "memorysetup-temp-allocator-size-gi-baking-worker=262144"
    "memorysetup-temp-allocator-size-gfx=262144"
Player connection [22460]  Target information:

Player connection [22460]  * "[IP] 173.0.253.225 [Port] 0 [Flags] 2 [Guid] 546872598 [EditorId] 546872598 [Version] 1048832 [Id] WindowsEditor(7,DESKTOP-UKN0W4N) [Debug] 1 [PackageName] WindowsEditor [ProjectName] Editor" 

Player connection [22460] Host joined multi-casting on [225.0.0.222:54997]...
Player connection [22460] Host joined alternative multi-casting on [225.0.0.222:34997]...
JobSystem: Creating JobQueue using job-worker-count value 7
Input System module state changed to: Initialized.
[Physics::Module] Initialized fallback backend.
[Physics::Module] Id: 0xdecafbad
[Licensing::Client] Code 10 while verifying Licensing Client signature (process Id: 15384, path: "C:/Program Files/Unity Hub/UnityLicensingClient_V1/Unity.Licensing.Client.exe")
[Licensing::Module] LicensingClient has failed validation; ignoring
[Licensing::Client] Error: HandshakeResponse reported an error:
	ResponseCode: 505
	ResponseStatus: Unsupported protocol version '1.17.2'.
[Licensing::Module] Error: Failed to handshake to channel: "LicenseClient-Steven"
[Licensing::IpcConnector] LicenseClient-Steven channel disconnected successfully.
[Licensing::IpcConnector] Successfully connected to: "LicenseClient-Steven-6000.2.1" at "2025-10-01T03:10:56.3026569Z"
[Licensing::Client] Code 10 while verifying Licensing Client signature (process Id: 11732, path: "C:/Program Files/Unity/Hub/Editor/6000.2.1f1/Editor/Data/Resources/Licensing/Client/Unity.Licensing.Client.exe")
[Licensing::Module] LicensingClient has failed validation; ignoring
[Licensing::Client] Handshaking with LicensingClient:
  Version:                 1.17.2+ff71f16
  Session Id:              3346bfc1e3354b789b8ab63f4aa30340
  Correlation Id:          af0a56fce7cb1f8dc3bc75fe685669cc
  External correlation Id: 8503779578212500181
  Machine Id:              2sNOENogX6cWzd6C8v6MCqh1Gw4=
[Licensing::Module] Successfully connected to LicensingClient on channel: "LicenseClient-Steven-6000.2.1" (connect: 0.00s, validation: 0.00s, handshake: 0.01s)
[Licensing::IpcConnector] Successfully connected to: "LicenseClient-Steven-6000.2.1-notifications" at "2025-10-01T03:10:56.3132505Z"
[Licensing::Module] Licensing Background thread has ended after 0.05s
Library Redirect Path: Library/
[Physics::Module] Selected backend.
[Physics::Module] Name: PhysX
[Physics::Module] Id: 0xf2b8ea05
[Physics::Module] SDK Version: 4.1.2
[Physics::Module] Integration Version: 1.0.0
[Physics::Module] Threading Mode: Multi-Threaded
Refreshing native plugins compatible for Editor in 4.63 ms, found 3 plugins.
Preloading 0 native plugins for Editor in 0.00 ms.
Initialize engine version: 6000.2.1f1 (55300504c302)
[Subsystems] Discovering subsystems at path C:/Program Files/Unity/Hub/Editor/6000.2.1f1/Editor/Data/Resources/UnitySubsystems
[Subsystems] Discovering subsystems at path C:/Users/Steven/Documents/UnityProjects/MAGD372-SP25/MAGD372-SP25/Assets
GfxDevice: creating device client; kGfxThreadingModeNonThreaded
d3d12: failed to query info queue interface (0x80004002).
Direct3D:
    Version:         Direct3D 12 [level 12.1]
    Renderer:        NVIDIA GeForce RTX 3070 (ID=0x2488)
    Vendor:          NVIDIA
    VRAM:            8018 MB
    App VRAM Budget: 7250 MB
    Driver:          32.0.15.8142
Initialize mono
Mono path[0] = 'C:/Program Files/Unity/Hub/Editor/6000.2.1f1/Editor/Data/Managed'
Mono path[1] = 'C:/Program Files/Unity/Hub/Editor/6000.2.1f1/Editor/Data/MonoBleedingEdge/lib/mono/unityjit-win32'
Mono config path = 'C:/Program Files/Unity/Hub/Editor/6000.2.1f1/Editor/Data/MonoBleedingEdge/etc'
Using monoOptions --debugger-agent=transport=dt_socket,embedding=1,server=y,suspend=n,address=127.0.0.1:56040
Begin MonoManager ReloadAssembly
Registering precompiled unity dll's ...
Register platform support module: C:/Program Files/Unity/Hub/Editor/6000.2.1f1/Editor/Data/PlaybackEngines/MacStandaloneSupport/UnityEditor.OSXStandalone.Extensions.dll
Register platform support module: C:/Program Files/Unity/Hub/Editor/6000.2.1f1/Editor/Data/PlaybackEngines/WindowsStandaloneSupport/UnityEditor.WindowsStandalone.Extensions.dll
[Licensing::Client] Successfully resolved entitlement details
[Licensing::Module] License group:
  Id: 2475791050566-UnityPersXXXX
  Product: Unity Personal
  Type: Assigned
  Expiration: Unlimited
Register platform support module: C:/Program Files/Unity/Hub/Editor/6000.2.1f1/Editor/Data/PlaybackEngines/MetroSupport/UnityEditor.UWP.Extensions.dll
[Licensing::Client] Successfully resolved entitlement details
Register platform support module: C:/Program Files/Unity/Hub/Editor/6000.2.1f1/Editor/Data/PlaybackEngines/AndroidPlayer/UnityEditor.Android.Extensions.dll
[Licensing::Client] Successfully resolved entitlement details
Register platform support module: C:/Program Files/Unity/Hub/Editor/6000.2.1f1/Editor/Data/PlaybackEngines/iOSSupport/UnityEditor.iOS.Extensions.dll
Registered in 0.010013 seconds.
- Loaded All Assemblies, in  0.374 seconds
[usbmuxd] Start listen thread
[usbmuxd] Listen thread started
Native extension for iOS target not found
Native extension for Android target not found
Android Extension - Scanning For ADB Devices 281 ms
Native extension for UWP target not found
Native extension for WindowsStandalone target not found
Native extension for OSXStandalone target not found
Mono: successfully reloaded assembly
- Finished resetting the current domain, in  0.704 seconds
Domain Reload Profiling: 1075ms
	BeginReloadAssembly (118ms)
		ExecutionOrderSort (0ms)
		DisableScriptedObjects (0ms)
		BackupInstance (0ms)
		ReleaseScriptingObjects (0ms)
		CreateAndSetChildDomain (1ms)
	RebuildCommonClasses (34ms)
	RebuildNativeTypeToScriptingClass (11ms)
	initialDomainReloadingComplete (55ms)
	LoadAllAssembliesAndSetupDomain (153ms)
		LoadAssemblies (115ms)
		RebuildTransferFunctionScriptingTraits (0ms)
		AnalyzeDomain (149ms)
			TypeCache.Refresh (148ms)
				TypeCache.ScanAssembly (136ms)
			BuildScriptInfoCaches (0ms)
			ResolveRequiredComponents (1ms)
	FinalizeReload (704ms)
		ReleaseScriptCaches (0ms)
		RebuildScriptCaches (0ms)
		SetupLoadedEditorAssemblies (657ms)
			LogAssemblyErrors (0ms)
			InitializePlatformSupportModulesInManaged (404ms)
			SetLoadedEditorAssemblies (4ms)
			BeforeProcessingInitializeOnLoad (67ms)
			ProcessInitializeOnLoadAttributes (124ms)
			ProcessInitializeOnLoadMethodAttributes (59ms)
			AfterProcessingInitializeOnLoad (0ms)
			EditorAssembliesLoaded (0ms)
		ExecutionOrderSort2 (0ms)
		AwakeInstancesAfterBackupRestoration (0ms)
========================================================================
Worker process is ready to serve import requests
Import Worker Mode flag is 0x00
Begin MonoManager ReloadAssembly
[Licensing::Client] Successfully resolved entitlement details
- Loaded All Assemblies, in  0.965 seconds
'Packages/com.unity.render-pipelines.high-definition/Editor/Wizard/HDWizard.UIElement.cs' contains partial class of Unity.Object, exactly 1 of the partial classes needs to be in a file with the same filename. This is to know the one that can be referenced from ie. GameObjects
'Packages/com.unity.render-pipelines.high-definition/Editor/Wizard/HDWizard.Configuration.cs' contains partial class of Unity.Object, exactly 1 of the partial classes needs to be in a file with the same filename. This is to know the one that can be referenced from ie. GameObjects
'Packages/com.unity.render-pipelines.high-definition/Editor/Wizard/HDWizard.Window.cs' contains partial class of Unity.Object, exactly 1 of the partial classes needs to be in a file with the same filename. This is to know the one that can be referenced from ie. GameObjects
Refreshing native plugins compatible for Editor in 1.20 ms, found 3 plugins.
Native extension for iOS target not found
Native extension for Android target not found
Native extension for UWP target not found
Native extension for WindowsStandalone target not found
Native extension for OSXStandalone target not found
Package Manager log level set to [2]
[Package Manager] Failed to launch server process. Reason: Unity was launched with the -noUpm command-line argument
[Package Manager] Unable to send message (not connected to server process).
[Package Manager] Cannot connect to Unity Package Manager local server
[MODES] ModeService[none].Initialize
[MODES] ModeService[none].LoadModes
[MODES] Loading mode Default (0) for mode-current-id-MAGD372-SP25
Mono: successfully reloaded assembly
- Finished resetting the current domain, in  0.945 seconds
Domain Reload Profiling: 1897ms
	BeginReloadAssembly (195ms)
		ExecutionOrderSort (0ms)
		DisableScriptedObjects (7ms)
		BackupInstance (0ms)
		ReleaseScriptingObjects (0ms)
		CreateAndSetChildDomain (34ms)
	RebuildCommonClasses (39ms)
	RebuildNativeTypeToScriptingClass (13ms)
	initialDomainReloadingComplete (47ms)
	LoadAllAssembliesAndSetupDomain (659ms)
		LoadAssemblies (430ms)
		RebuildTransferFunctionScriptingTraits (0ms)
		AnalyzeDomain (335ms)
			TypeCache.Refresh (241ms)
				TypeCache.ScanAssembly (225ms)
			BuildScriptInfoCaches (74ms)
			ResolveRequiredComponents (15ms)
	FinalizeReload (945ms)
		ReleaseScriptCaches (0ms)
		RebuildScriptCaches (0ms)
		SetupLoadedEditorAssemblies (737ms)
			LogAssemblyErrors (0ms)
			InitializePlatformSupportModulesInManaged (14ms)
			SetLoadedEditorAssemblies (3ms)
			BeforeProcessingInitializeOnLoad (145ms)
			ProcessInitializeOnLoadAttributes (461ms)
			ProcessInitializeOnLoadMethodAttributes (103ms)
			AfterProcessingInitializeOnLoad (10ms)
			EditorAssembliesLoaded (0ms)
		ExecutionOrderSort2 (0ms)
		AwakeInstancesAfterBackupRestoration (6ms)
WARNING: Shader Unsupported: 'Hidden/Builtin_TerrainVisualization' - All subshaders removed
WARNING: Shader Did you use #pragma only_renderers and omit this platform?
WARNING: Shader If subshaders removal was intentional, you may have forgotten turning Fallback off?
WARNING: Shader Unsupported: 'Hidden/Builtin_TerrainVisualization' - All subshaders removed
WARNING: Shader Did you use #pragma only_renderers and omit this platform?
WARNING: Shader If subshaders removal was intentional, you may have forgotten turning Fallback off?
Launched and connected shader compiler UnityShaderCompiler.exe after 0.01 seconds
Refreshing native plugins compatible for Editor in 1.42 ms, found 3 plugins.
Preloading 0 native plugins for Editor in 0.00 ms.
Unloading 191 Unused Serialized files (Serialized files now loaded: 0)
Unloading 8357 unused Assets / (29.1 MB). Loaded Objects now: 9085.
Memory consumption went from 266.7 MB to 237.6 MB.
Total: 11.429800 ms (FindLiveObjects: 0.812500 ms CreateObjectMapping: 0.399600 ms MarkObjects: 4.777200 ms  DeleteObjects: 5.439700 ms)

========================================================================
Received Import Request.
  Time since last request: 158366.545435 seconds.
  path: Assets/Wasteland Cabin/Prefabs/Wasteland_Cabin_Empty.prefab
  artifactKey: Guid(5fcfdca045ca3484baf910aae6bffc54) Importer(815301076,1909f56bfc062723c751e8b465ee728b)
Start importing Assets/Wasteland Cabin/Prefabs/Wasteland_Cabin_Empty.prefab using Guid(5fcfdca045ca3484baf910aae6bffc54) Importer(815301076,1909f56bfc062723c751e8b465ee728b) (PreviewImporter) -> (artifact id: '8b7cc8fe993750392f52016cc9d5e13e') in 0.8612447 seconds
Number of updated asset objects reloaded before import = 0Number of asset objects unloaded after import = 398

========================================================================
Received Import Request.
  Time since last request: 44.095266 seconds.
  path: Assets/Wasteland Cabin/Read me.txt
  artifactKey: Guid(9fff5677ce4950f48a14234c14406d00) Importer(815301076,1909f56bfc062723c751e8b465ee728b)
Start importing Assets/Wasteland Cabin/Read me.txt using Guid(9fff5677ce4950f48a14234c14406d00) Importer(815301076,1909f56bfc062723c751e8b465ee728b) (PreviewImporter) -> (artifact id: '9df4c435904eb9f6f6be14920433c657') in 0.0013214 seconds
Number of updated asset objects reloaded before import = 0Number of asset objects unloaded after import = 1

========================================================================
Received Import Request.
  Time since last request: 7.567250 seconds.
  path: Assets/Wasteland Cabin/Show
  artifactKey: Guid(0c9fc72b49f926140a3ec67506d3146b) Importer(815301076,1909f56bfc062723c751e8b465ee728b)
Start importing Assets/Wasteland Cabin/Show using Guid(0c9fc72b49f926140a3ec67506d3146b) Importer(815301076,1909f56bfc062723c751e8b465ee728b) (PreviewImporter) -> (artifact id: 'fda0c9540008af07d079161f17f06db7') in 0.0005692 seconds
Number of updated asset objects reloaded before import = 0Number of asset objects unloaded after import = 0

========================================================================
Received Import Request.
  Time since last request: 0.830642 seconds.
  path: Assets/Wasteland Cabin/Show/LightingData.asset
  artifactKey: Guid(b3c7293829335d04a928043b9e9eef5c) Importer(815301076,1909f56bfc062723c751e8b465ee728b)
Start importing Assets/Wasteland Cabin/Show/LightingData.asset using Guid(b3c7293829335d04a928043b9e9eef5c) Importer(815301076,1909f56bfc062723c751e8b465ee728b) (PreviewImporter)Lighting data asset ‘LightingData’ is inconsistent because 22 files out of 110 are missing. Please use Generate Lighting to rebuild the lighting data.
 -> (artifact id: '7b82c44b5cb5296f2d128c4d2c6968d5') in 0.0651243 seconds
Number of updated asset objects reloaded before import = 0Number of asset objects unloaded after import = 2

========================================================================
Received Import Request.
  Time since last request: 0.000021 seconds.
  path: Assets/Wasteland Cabin/Show/ReflectionProbe-4.exr
  artifactKey: Guid(d1462e8c681fcee46adca14f7ea90df3) Importer(815301076,1909f56bfc062723c751e8b465ee728b)
Start importing Assets/Wasteland Cabin/Show/ReflectionProbe-4.exr using Guid(d1462e8c681fcee46adca14f7ea90df3) Importer(815301076,1909f56bfc062723c751e8b465ee728b) (PreviewImporter) -> (artifact id: '85b087ff8b3c0f9a9ea2195c22c1b201') in 0.0450807 seconds
Number of updated asset objects reloaded before import = 0Number of asset objects unloaded after import = 1

========================================================================
Received Import Request.
  Time since last request: 8.104347 seconds.
  path: Assets/Wasteland Cabin/Materials
  artifactKey: Guid(92f6ef44d10cee547a6236d7ee4e7989) Importer(815301076,1909f56bfc062723c751e8b465ee728b)
Start importing Assets/Wasteland Cabin/Materials using Guid(92f6ef44d10cee547a6236d7ee4e7989) Importer(815301076,1909f56bfc062723c751e8b465ee728b) (PreviewImporter) -> (artifact id: '5d58d18b006ddcf887ddc36f4fcb66ec') in 0.0005604 seconds
Number of updated asset objects reloaded before import = 0Number of asset objects unloaded after import = 0

========================================================================
Received Import Request.
  Time since last request: 3.794622 seconds.
  path: Assets/Wasteland Cabin/Show.unity
  artifactKey: Guid(09c73d1f625a05b4cb0e8aadb72e430f) Importer(815301076,1909f56bfc062723c751e8b465ee728b)
Start importing Assets/Wasteland Cabin/Show.unity using Guid(09c73d1f625a05b4cb0e8aadb72e430f) Importer(815301076,1909f56bfc062723c751e8b465ee728b) (PreviewImporter) -> (artifact id: '6ed03822fcae0a165ec7faf9e0c8f013') in 0.0005983 seconds
Number of updated asset objects reloaded before import = 0Number of asset objects unloaded after import = 0

========================================================================
Received Import Request.
  Time since last request: 0.833710 seconds.
  path: Assets/Wasteland Cabin/Show_Assets.unity
  artifactKey: Guid(240698d6c1a140a4681118c5209e6e40) Importer(815301076,1909f56bfc062723c751e8b465ee728b)
Start importing Assets/Wasteland Cabin/Show_Assets.unity using Guid(240698d6c1a140a4681118c5209e6e40) Importer(815301076,1909f56bfc062723c751e8b465ee728b) (PreviewImporter) -> (artifact id: 'bf0176eeace4c2fdf71163a12117f900') in 0.0006416 seconds
Number of updated asset objects reloaded before import = 0Number of asset objects unloaded after import = 0

========================================================================
Received Import Request.
  Time since last request: 69.261592 seconds.
  path: Assets/Wasteland Cabin/Models/Wasteland_Cabin_Walls.fbx
  artifactKey: Guid(d86df224070957443a95ba62cce81fd7) Importer(815301076,1909f56bfc062723c751e8b465ee728b)
Start importing Assets/Wasteland Cabin/Models/Wasteland_Cabin_Walls.fbx using Guid(d86df224070957443a95ba62cce81fd7) Importer(815301076,1909f56bfc062723c751e8b465ee728b) (PreviewImporter) -> (artifact id: '07d30d740023b3d69af0141b2fd0764c') in 0.2752026 seconds
Number of updated asset objects reloaded before import = 0Number of asset objects unloaded after import = 53

========================================================================
Received Import Request.
  Time since last request: 0.180475 seconds.
  path: Assets/Wasteland Cabin/Models/Wasteland_Cabin_Walls.fbx
  artifactKey: Guid(d86df224070957443a95ba62cce81fd7) Importer(815301076,1909f56bfc062723c751e8b465ee728b)
Start importing Assets/Wasteland Cabin/Models/Wasteland_Cabin_Walls.fbx using Guid(d86df224070957443a95ba62cce81fd7) Importer(815301076,1909f56bfc062723c751e8b465ee728b) (PreviewImporter) -> (artifact id: 'c8edc561506c2b9f526f2fb80c1aa4e1') in 0.1636927 seconds
Number of updated asset objects reloaded before import = 0Number of asset objects unloaded after import = 53

========================================================================
Received Import Request.
  Time since last request: 22.080011 seconds.
  path: Assets/Wasteland Cabin/Models/Wasteland_Cabin_Walls.fbx
  artifactKey: Guid(d86df224070957443a95ba62cce81fd7) Importer(815301076,1909f56bfc062723c751e8b465ee728b)
Start importing Assets/Wasteland Cabin/Models/Wasteland_Cabin_Walls.fbx using Guid(d86df224070957443a95ba62cce81fd7) Importer(815301076,1909f56bfc062723c751e8b465ee728b) (PreviewImporter) -> (artifact id: 'ed8c7f01d24c3f42a3ae38ebfbd5c1ae') in 0.2500169 seconds
Number of updated asset objects reloaded before import = 0Number of asset objects unloaded after import = 71

========================================================================
Received Import Request.
  Time since last request: 7.148489 seconds.
  path: Assets/Wasteland Cabin/Models/Wasteland_Cabin_Walls.fbx
  artifactKey: Guid(d86df224070957443a95ba62cce81fd7) Importer(815301076,1909f56bfc062723c751e8b465ee728b)
Start importing Assets/Wasteland Cabin/Models/Wasteland_Cabin_Walls.fbx using Guid(d86df224070957443a95ba62cce81fd7) Importer(815301076,1909f56bfc062723c751e8b465ee728b) (PreviewImporter) -> (artifact id: '0e4c92440f7187f7f9187b11242121dc') in 0.1894504 seconds
Number of updated asset objects reloaded before import = 0Number of asset objects unloaded after import = 53

========================================================================
Received Import Request.
  Time since last request: 16.515435 seconds.
  path: Assets/Wasteland Cabin/Textures/Fence.mat
  artifactKey: Guid(9b9a095285673d947addf1a5a7470e70) Importer(815301076,1909f56bfc062723c751e8b465ee728b)
Start importing Assets/Wasteland Cabin/Textures/Fence.mat using Guid(9b9a095285673d947addf1a5a7470e70) Importer(815301076,1909f56bfc062723c751e8b465ee728b) (PreviewImporter) -> (artifact id: '3c5e73ccf248e5dae5fbd75cf6285357') in 0.0187849 seconds
Number of updated asset objects reloaded before import = 0Number of asset objects unloaded after import = 1

========================================================================
Received Import Request.
  Time since last request: 0.000019 seconds.
  path: Assets/Wasteland Cabin/Textures/Outside_Wall.mat
  artifactKey: Guid(bd9b581f84f52784c9a19dcadb3c65bc) Importer(815301076,1909f56bfc062723c751e8b465ee728b)
Start importing Assets/Wasteland Cabin/Textures/Outside_Wall.mat using Guid(bd9b581f84f52784c9a19dcadb3c65bc) Importer(815301076,1909f56bfc062723c751e8b465ee728b) (PreviewImporter) -> (artifact id: '59785581e70a2c97419c00e7deb1f93b') in 0.019654 seconds
Number of updated asset objects reloaded before import = 0Number of asset objects unloaded after import = 1

========================================================================
Received Import Request.
  Time since last request: 0.000020 seconds.
  path: Assets/Wasteland Cabin/Textures/Interier_Wall.mat
  artifactKey: Guid(abc0135f20a788840a8a4923b3d54e37) Importer(815301076,1909f56bfc062723c751e8b465ee728b)
Start importing Assets/Wasteland Cabin/Textures/Interier_Wall.mat using Guid(abc0135f20a788840a8a4923b3d54e37) Importer(815301076,1909f56bfc062723c751e8b465ee728b) (PreviewImporter) -> (artifact id: 'c74755d3cf5c101b434790a772aaeea1') in 0.0178331 seconds
Number of updated asset objects reloaded before import = 0Number of asset objects unloaded after import = 1

========================================================================
Received Import Request.
  Time since last request: 0.000029 seconds.
  path: Assets/Wasteland Cabin/Textures/Roof.mat
  artifactKey: Guid(b70a6a3cdb9cf4446bb1abbc017ccb68) Importer(815301076,1909f56bfc062723c751e8b465ee728b)
Start importing Assets/Wasteland Cabin/Textures/Roof.mat using Guid(b70a6a3cdb9cf4446bb1abbc017ccb68) Importer(815301076,1909f56bfc062723c751e8b465ee728b) (PreviewImporter) -> (artifact id: 'f168883973086bb515dbbd9994a473a5') in 0.0171884 seconds
Number of updated asset objects reloaded before import = 0Number of asset objects unloaded after import = 1

========================================================================
Received Import Request.
  Time since last request: 34.940620 seconds.
  path: Assets/Wasteland Cabin/Textures/Window.mat
  artifactKey: Guid(1f5cdb47c9bff7a418d22403a35a21cd) Importer(815301076,1909f56bfc062723c751e8b465ee728b)
Start importing Assets/Wasteland Cabin/Textures/Window.mat using Guid(1f5cdb47c9bff7a418d22403a35a21cd) Importer(815301076,1909f56bfc062723c751e8b465ee728b) (PreviewImporter) -> (artifact id: '6e155ad8980800b3eaaa9ca879416def') in 0.0489823 seconds
Number of updated asset objects reloaded before import = 0Number of asset objects unloaded after import = 1

========================================================================
Received Import Request.
  Time since last request: 299.635357 seconds.
  path: Assets/Diabolical Games
  artifactKey: Guid(f661267c4f9b72447b4fb9c22d2f32d4) Importer(815301076,1909f56bfc062723c751e8b465ee728b)
Start importing Assets/Diabolical Games using Guid(f661267c4f9b72447b4fb9c22d2f32d4) Importer(815301076,1909f56bfc062723c751e8b465ee728b) (PreviewImporter) -> (artifact id: '58c0b44859decc7a2aa1a9cc0be20d18') in 0.000563 seconds
Number of updated asset objects reloaded before import = 0Number of asset objects unloaded after import = 0

========================================================================
Received Import Request.
  Time since last request: 1.792253 seconds.
  path: Assets/Old building
  artifactKey: Guid(4ae5a36549129f34c908155568064b3d) Importer(815301076,1909f56bfc062723c751e8b465ee728b)
Start importing Assets/Old building using Guid(4ae5a36549129f34c908155568064b3d) Importer(815301076,1909f56bfc062723c751e8b465ee728b) (PreviewImporter) -> (artifact id: '7d54246946229e8037d434c39d2b8ec9') in 0.0004618 seconds
Number of updated asset objects reloaded before import = 0Number of asset objects unloaded after import = 0

========================================================================
Received Import Request.
  Time since last request: 1.921273 seconds.
  path: Assets/Old building/Model
  artifactKey: Guid(90682d149b4f1d7419512f070ff2bdaa) Importer(815301076,1909f56bfc062723c751e8b465ee728b)
Start importing Assets/Old building/Model using Guid(90682d149b4f1d7419512f070ff2bdaa) Importer(815301076,1909f56bfc062723c751e8b465ee728b) (PreviewImporter) -> (artifact id: 'e46e5e3b6f7f41fa2c60a88499978962') in 0.0004905 seconds
Number of updated asset objects reloaded before import = 0Number of asset objects unloaded after import = 0

========================================================================
Received Import Request.
  Time since last request: 0.690295 seconds.
  path: Assets/Old building/Prefab
  artifactKey: Guid(73da87f79dca4fb4987150839d9c708b) Importer(815301076,1909f56bfc062723c751e8b465ee728b)
Start importing Assets/Old building/Prefab using Guid(73da87f79dca4fb4987150839d9c708b) Importer(815301076,1909f56bfc062723c751e8b465ee728b) (PreviewImporter) -> (artifact id: 'd086f7d1a0a39894e598e913ba4291d4') in 0.0004663 seconds
Number of updated asset objects reloaded before import = 0Number of asset objects unloaded after import = 0

========================================================================
Received Import Request.
  Time since last request: 0.022952 seconds.
  path: Assets/Old building/Prefab/Old building.prefab
  artifactKey: Guid(41a9e4f2924047e498f822fc54a2e08f) Importer(815301076,1909f56bfc062723c751e8b465ee728b)
Start importing Assets/Old building/Prefab/Old building.prefab using Guid(41a9e4f2924047e498f822fc54a2e08f) Importer(815301076,1909f56bfc062723c751e8b465ee728b) (PreviewImporter) -> (artifact id: 'fabb06da7d9f869052daa8f3ae76ff98') in 0.0467662 seconds
Number of updated asset objects reloaded before import = 0Number of asset objects unloaded after import = 21

========================================================================
Received Import Request.
  Time since last request: 80.955266 seconds.
  path: Assets/Old building/Model/Old building.FBX
  artifactKey: Guid(9744d43af9634234ca47a970ec215429) Importer(815301076,1909f56bfc062723c751e8b465ee728b)
Start importing Assets/Old building/Model/Old building.FBX using Guid(9744d43af9634234ca47a970ec215429) Importer(815301076,1909f56bfc062723c751e8b465ee728b) (PreviewImporter) -> (artifact id: '5457520ec29dad53608b3403dcc9aeb3') in 0.0772934 seconds
Number of updated asset objects reloaded before import = 0Number of asset objects unloaded after import = 21

========================================================================
Received Import Request.
  Time since last request: 33.984125 seconds.
  path: Assets/Old building/Model/Old building.FBX
  artifactKey: Guid(9744d43af9634234ca47a970ec215429) Importer(815301076,1909f56bfc062723c751e8b465ee728b)
Start importing Assets/Old building/Model/Old building.FBX using Guid(9744d43af9634234ca47a970ec215429) Importer(815301076,1909f56bfc062723c751e8b465ee728b) (PreviewImporter) -> (artifact id: 'f691a684d83cb8bc035f8264517b2010') in 0.0006327 seconds
Number of updated asset objects reloaded before import = 0Number of asset objects unloaded after import = 0

========================================================================
Received Import Request.
  Time since last request: 0.107632 seconds.
  path: Assets/Old building/Model/Old building.FBX
  artifactKey: Guid(9744d43af9634234ca47a970ec215429) Importer(815301076,1909f56bfc062723c751e8b465ee728b)
Start importing Assets/Old building/Model/Old building.FBX using Guid(9744d43af9634234ca47a970ec215429) Importer(815301076,1909f56bfc062723c751e8b465ee728b) (PreviewImporter) -> (artifact id: '504f546619310fc87dc614669b1d9c9c') in 0.1523581 seconds
Number of updated asset objects reloaded before import = 0Number of asset objects unloaded after import = 18

