[Licensing::Module] Trying to connect to existing licensing client channel...
Built from '6000.2/staging' branch; Version is '6000.2.1f1 (55300504c302) revision 5582853'; Using compiler version '194234433'; Build Type 'Release'
[Licensing::IpcConnector] Successfully connected to: "LicenseClient-Steven" at "2025-10-01T13:22:32.1860002Z"
OS: 'Windows 11  (10.0.26100) 64bit Core' Language: 'en' Physical Memory: 49041 MB
BatchMode: 1, IsHumanControllingUs: 0, StartBugReporterOnCrash: 0, Is64bit: 1
Date: 2025-10-01T13:22:32Z

COMMAND LINE ARGUMENTS:
C:\Program Files\Unity\Hub\Editor\6000.2.1f1\Editor\Unity.exe
-adb2
-batchMode
-noUpm
-name
AssetImportWorker0
-projectPath
C:/Users/Steven/Documents/UnityProjects/MAGD372-SP25/MAGD372-SP25
-logFile
Logs/AssetImportWorker0.log
-srvPort
60594
-licensingIpc
LicenseClient-Steven
-job-worker-count
7
-background-job-worker-count
8
-gc-helper-count
1
-name
AssetImport
Successfully changed project path to: C:/Users/Steven/Documents/UnityProjects/MAGD372-SP25/MAGD372-SP25
C:/Users/Steven/Documents/UnityProjects/MAGD372-SP25/MAGD372-SP25
[UnityMemory] Configuration Parameters - Can be set up in boot.config
    "memorysetup-allocator-temp-initial-block-size-main=262144"
    "memorysetup-allocator-temp-initial-block-size-worker=262144"
    "memorysetup-bucket-allocator-granularity=16"
    "memorysetup-bucket-allocator-bucket-count=8"
    "memorysetup-bucket-allocator-block-size=33554432"
    "memorysetup-bucket-allocator-block-count=8"
    "memorysetup-main-allocator-block-size=16777216"
    "memorysetup-thread-allocator-block-size=16777216"
    "memorysetup-gfx-main-allocator-block-size=16777216"
    "memorysetup-gfx-thread-allocator-block-size=16777216"
    "memorysetup-cache-allocator-block-size=4194304"
    "memorysetup-typetree-allocator-block-size=2097152"
    "memorysetup-profiler-bucket-allocator-granularity=16"
    "memorysetup-profiler-bucket-allocator-bucket-count=8"
    "memorysetup-profiler-bucket-allocator-block-size=33554432"
    "memorysetup-profiler-bucket-allocator-block-count=8"
    "memorysetup-profiler-allocator-block-size=16777216"
    "memorysetup-profiler-editor-allocator-block-size=1048576"
    "memorysetup-temp-allocator-size-main=16777216"
    "memorysetup-job-temp-allocator-block-size=2097152"
    "memorysetup-job-temp-allocator-block-size-background=1048576"
    "memorysetup-job-temp-allocator-reduction-small-platforms=262144"
    "memorysetup-temp-allocator-size-background-worker=32768"
    "memorysetup-temp-allocator-size-job-worker=262144"
    "memorysetup-temp-allocator-size-preload-manager=33554432"
    "memorysetup-temp-allocator-size-nav-mesh-worker=65536"
    "memorysetup-temp-allocator-size-audio-worker=65536"
    "memorysetup-temp-allocator-size-cloud-worker=32768"
    "memorysetup-temp-allocator-size-gi-baking-worker=262144"
    "memorysetup-temp-allocator-size-gi-baking-worker=262144"
    "memorysetup-temp-allocator-size-gi-baking-worker=262144"
    "memorysetup-temp-allocator-size-gi-baking-worker=262144"
    "memorysetup-temp-allocator-size-gi-baking-worker=262144"
    "memorysetup-temp-allocator-size-gfx=262144"
Player connection [22488]  Target information:

Player connection [22488]  * "[IP] 66.175.205.132 [Port] 0 [Flags] 2 [Guid] 1289760321 [EditorId] 1289760321 [Version] 1048832 [Id] WindowsEditor(7,DESKTOP-UKN0W4N) [Debug] 1 [PackageName] WindowsEditor [ProjectName] Editor" 

Player connection [22488] Host joined multi-casting on [225.0.0.222:54997]...
Player connection [22488] Host joined alternative multi-casting on [225.0.0.222:34997]...
JobSystem: Creating JobQueue using job-worker-count value 7
Input System module state changed to: Initialized.
[Physics::Module] Initialized fallback backend.
[Physics::Module] Id: 0xdecafbad
[Licensing::Client] Code 10 while verifying Licensing Client signature (process Id: 20804, path: "C:/Program Files/Unity Hub/UnityLicensingClient_V1/Unity.Licensing.Client.exe")
[Licensing::Module] LicensingClient has failed validation; ignoring
[Licensing::Client] Error: HandshakeResponse reported an error:
	ResponseCode: 505
	ResponseStatus: Unsupported protocol version '1.17.2'.
[Licensing::Module] Error: Failed to handshake to channel: "LicenseClient-Steven"
[Licensing::IpcConnector] LicenseClient-Steven channel disconnected successfully.
[Licensing::IpcConnector] Successfully connected to: "LicenseClient-Steven-6000.2.1" at "2025-10-01T13:22:32.2286078Z"
[Licensing::Client] Code 10 while verifying Licensing Client signature (process Id: 21688, path: "C:/Program Files/Unity/Hub/Editor/6000.2.1f1/Editor/Data/Resources/Licensing/Client/Unity.Licensing.Client.exe")
[Licensing::Module] LicensingClient has failed validation; ignoring
[Licensing::Client] Handshaking with LicensingClient:
  Version:                 1.17.2+ff71f16
  Session Id:              b3d0b2d07dd74bca9e4fe8527e75b40b
  Correlation Id:          861c265a09226514cc765c926cf41477
  External correlation Id: 3844025300475379952
  Machine Id:              2sNOENogX6cWzd6C8v6MCqh1Gw4=
[Licensing::Module] Successfully connected to LicensingClient on channel: "LicenseClient-Steven-6000.2.1" (connect: 0.00s, validation: 0.00s, handshake: 0.01s)
[Licensing::IpcConnector] Successfully connected to: "LicenseClient-Steven-6000.2.1-notifications" at "2025-10-01T13:22:32.2401482Z"
[Licensing::Module] Licensing Background thread has ended after 0.05s
Library Redirect Path: Library/
[Physics::Module] Selected backend.
[Physics::Module] Name: PhysX
[Physics::Module] Id: 0xf2b8ea05
[Physics::Module] SDK Version: 4.1.2
[Physics::Module] Integration Version: 1.0.0
[Physics::Module] Threading Mode: Multi-Threaded
Refreshing native plugins compatible for Editor in 2.32 ms, found 3 plugins.
Preloading 0 native plugins for Editor in 0.00 ms.
Initialize engine version: 6000.2.1f1 (55300504c302)
[Subsystems] Discovering subsystems at path C:/Program Files/Unity/Hub/Editor/6000.2.1f1/Editor/Data/Resources/UnitySubsystems
[Subsystems] Discovering subsystems at path C:/Users/Steven/Documents/UnityProjects/MAGD372-SP25/MAGD372-SP25/Assets
GfxDevice: creating device client; kGfxThreadingModeNonThreaded
d3d12: failed to query info queue interface (0x80004002).
Direct3D:
    Version:         Direct3D 12 [level 12.1]
    Renderer:        NVIDIA GeForce RTX 3070 (ID=0x2488)
    Vendor:          NVIDIA
    VRAM:            8018 MB
    App VRAM Budget: 7250 MB
    Driver:          32.0.15.8142
Initialize mono
Mono path[0] = 'C:/Program Files/Unity/Hub/Editor/6000.2.1f1/Editor/Data/Managed'
Mono path[1] = 'C:/Program Files/Unity/Hub/Editor/6000.2.1f1/Editor/Data/MonoBleedingEdge/lib/mono/unityjit-win32'
Mono config path = 'C:/Program Files/Unity/Hub/Editor/6000.2.1f1/Editor/Data/MonoBleedingEdge/etc'
Using monoOptions --debugger-agent=transport=dt_socket,embedding=1,server=y,suspend=n,address=127.0.0.1:56596
Begin MonoManager ReloadAssembly
Registering precompiled unity dll's ...
Register platform support module: C:/Program Files/Unity/Hub/Editor/6000.2.1f1/Editor/Data/PlaybackEngines/MacStandaloneSupport/UnityEditor.OSXStandalone.Extensions.dll
Register platform support module: C:/Program Files/Unity/Hub/Editor/6000.2.1f1/Editor/Data/PlaybackEngines/WindowsStandaloneSupport/UnityEditor.WindowsStandalone.Extensions.dll
[Licensing::Client] Successfully resolved entitlement details
[Licensing::Module] License group:
  Id: 2475791050566-UnityPersXXXX
  Product: Unity Personal
  Type: Assigned
  Expiration: Unlimited
Register platform support module: C:/Program Files/Unity/Hub/Editor/6000.2.1f1/Editor/Data/PlaybackEngines/MetroSupport/UnityEditor.UWP.Extensions.dll
[Licensing::Client] Successfully resolved entitlement details
Register platform support module: C:/Program Files/Unity/Hub/Editor/6000.2.1f1/Editor/Data/PlaybackEngines/AndroidPlayer/UnityEditor.Android.Extensions.dll
[Licensing::Client] Successfully resolved entitlement details
Register platform support module: C:/Program Files/Unity/Hub/Editor/6000.2.1f1/Editor/Data/PlaybackEngines/iOSSupport/UnityEditor.iOS.Extensions.dll
Registered in 0.009908 seconds.
- Loaded All Assemblies, in  0.360 seconds
[usbmuxd] Start listen thread
[usbmuxd] Listen thread started
Native extension for iOS target not found
Native extension for Android target not found
Android Extension - Scanning For ADB Devices 206 ms
Native extension for UWP target not found
Native extension for WindowsStandalone target not found
Native extension for OSXStandalone target not found
Mono: successfully reloaded assembly
- Finished resetting the current domain, in  0.568 seconds
Domain Reload Profiling: 924ms
	BeginReloadAssembly (114ms)
		ExecutionOrderSort (0ms)
		DisableScriptedObjects (0ms)
		BackupInstance (0ms)
		ReleaseScriptingObjects (0ms)
		CreateAndSetChildDomain (1ms)
	RebuildCommonClasses (32ms)
	RebuildNativeTypeToScriptingClass (11ms)
	initialDomainReloadingComplete (52ms)
	LoadAllAssembliesAndSetupDomain (147ms)
		LoadAssemblies (112ms)
		RebuildTransferFunctionScriptingTraits (0ms)
		AnalyzeDomain (143ms)
			TypeCache.Refresh (142ms)
				TypeCache.ScanAssembly (132ms)
			BuildScriptInfoCaches (0ms)
			ResolveRequiredComponents (0ms)
	FinalizeReload (568ms)
		ReleaseScriptCaches (0ms)
		RebuildScriptCaches (0ms)
		SetupLoadedEditorAssemblies (534ms)
			LogAssemblyErrors (0ms)
			InitializePlatformSupportModulesInManaged (313ms)
			SetLoadedEditorAssemblies (4ms)
			BeforeProcessingInitializeOnLoad (57ms)
			ProcessInitializeOnLoadAttributes (108ms)
			ProcessInitializeOnLoadMethodAttributes (53ms)
			AfterProcessingInitializeOnLoad (0ms)
			EditorAssembliesLoaded (0ms)
		ExecutionOrderSort2 (0ms)
		AwakeInstancesAfterBackupRestoration (0ms)
========================================================================
Worker process is ready to serve import requests
Import Worker Mode flag is 0x00
Begin MonoManager ReloadAssembly
[Licensing::Client] Successfully resolved entitlement details
- Loaded All Assemblies, in  0.866 seconds
'Packages/com.unity.render-pipelines.high-definition/Editor/Wizard/HDWizard.UIElement.cs' contains partial class of Unity.Object, exactly 1 of the partial classes needs to be in a file with the same filename. This is to know the one that can be referenced from ie. GameObjects
'Packages/com.unity.render-pipelines.high-definition/Editor/Wizard/HDWizard.Configuration.cs' contains partial class of Unity.Object, exactly 1 of the partial classes needs to be in a file with the same filename. This is to know the one that can be referenced from ie. GameObjects
'Packages/com.unity.render-pipelines.high-definition/Editor/Wizard/HDWizard.Window.cs' contains partial class of Unity.Object, exactly 1 of the partial classes needs to be in a file with the same filename. This is to know the one that can be referenced from ie. GameObjects
Refreshing native plugins compatible for Editor in 1.34 ms, found 3 plugins.
Native extension for iOS target not found
Native extension for Android target not found
Native extension for UWP target not found
Native extension for WindowsStandalone target not found
Native extension for OSXStandalone target not found
Package Manager log level set to [2]
[Package Manager] Failed to launch server process. Reason: Unity was launched with the -noUpm command-line argument
[Package Manager] Unable to send message (not connected to server process).
[Package Manager] Cannot connect to Unity Package Manager local server
[MODES] ModeService[none].Initialize
[MODES] ModeService[none].LoadModes
[MODES] Loading mode Default (0) for mode-current-id-MAGD372-SP25
Mono: successfully reloaded assembly
- Finished resetting the current domain, in  0.873 seconds
Domain Reload Profiling: 1730ms
	BeginReloadAssembly (175ms)
		ExecutionOrderSort (0ms)
		DisableScriptedObjects (7ms)
		BackupInstance (0ms)
		ReleaseScriptingObjects (0ms)
		CreateAndSetChildDomain (28ms)
	RebuildCommonClasses (33ms)
	RebuildNativeTypeToScriptingClass (11ms)
	initialDomainReloadingComplete (46ms)
	LoadAllAssembliesAndSetupDomain (593ms)
		LoadAssemblies (386ms)
		RebuildTransferFunctionScriptingTraits (0ms)
		AnalyzeDomain (301ms)
			TypeCache.Refresh (218ms)
				TypeCache.ScanAssembly (203ms)
			BuildScriptInfoCaches (69ms)
			ResolveRequiredComponents (11ms)
	FinalizeReload (873ms)
		ReleaseScriptCaches (0ms)
		RebuildScriptCaches (0ms)
		SetupLoadedEditorAssemblies (666ms)
			LogAssemblyErrors (0ms)
			InitializePlatformSupportModulesInManaged (13ms)
			SetLoadedEditorAssemblies (5ms)
			BeforeProcessingInitializeOnLoad (136ms)
			ProcessInitializeOnLoadAttributes (411ms)
			ProcessInitializeOnLoadMethodAttributes (95ms)
			AfterProcessingInitializeOnLoad (6ms)
			EditorAssembliesLoaded (0ms)
		ExecutionOrderSort2 (0ms)
		AwakeInstancesAfterBackupRestoration (5ms)
WARNING: Shader Unsupported: 'Hidden/Builtin_TerrainVisualization' - All subshaders removed
WARNING: Shader Did you use #pragma only_renderers and omit this platform?
WARNING: Shader If subshaders removal was intentional, you may have forgotten turning Fallback off?
WARNING: Shader Unsupported: 'Hidden/Builtin_TerrainVisualization' - All subshaders removed
WARNING: Shader Did you use #pragma only_renderers and omit this platform?
WARNING: Shader If subshaders removal was intentional, you may have forgotten turning Fallback off?
Launched and connected shader compiler UnityShaderCompiler.exe after 0.01 seconds
Refreshing native plugins compatible for Editor in 1.40 ms, found 3 plugins.
Preloading 0 native plugins for Editor in 0.00 ms.
Unloading 191 Unused Serialized files (Serialized files now loaded: 0)
Unloading 8357 unused Assets / (27.7 MB). Loaded Objects now: 9086.
Memory consumption went from 262.6 MB to 235.0 MB.
Total: 11.195700 ms (FindLiveObjects: 0.803200 ms CreateObjectMapping: 0.383400 ms MarkObjects: 4.860300 ms  DeleteObjects: 5.148000 ms)

========================================================================
Received Import Request.
  Time since last request: 17500.790743 seconds.
  path: Assets/New Terrain.asset
  artifactKey: Guid(189f28fd2035a20419d7da880332b8b1) Importer(815301076,1909f56bfc062723c751e8b465ee728b)
Start importing Assets/New Terrain.asset using Guid(189f28fd2035a20419d7da880332b8b1) Importer(815301076,1909f56bfc062723c751e8b465ee728b) (PreviewImporter)The tree Grass_B must use the Nature/Soft Occlusion shader. Otherwise billboarding/lighting will not work correctly.
The tree Grass_A must use the Nature/Soft Occlusion shader. Otherwise billboarding/lighting will not work correctly.
 -> (artifact id: '6607ffa616ff954310b36d54cbdbac40') in 0.1478643 seconds
Number of updated asset objects reloaded before import = 0Number of asset objects unloaded after import = 90

========================================================================
Received Import Request.
  Time since last request: 352.451057 seconds.
  path: Assets/RockFREE
  artifactKey: Guid(7a8af7d6b88f3c04eaee9032d23a956d) Importer(815301076,1909f56bfc062723c751e8b465ee728b)
Start importing Assets/RockFREE using Guid(7a8af7d6b88f3c04eaee9032d23a956d) Importer(815301076,1909f56bfc062723c751e8b465ee728b) (PreviewImporter) -> (artifact id: '12555a0cc1cc11b66def5d014c2d1e00') in 0.0005352 seconds
Number of updated asset objects reloaded before import = 0Number of asset objects unloaded after import = 0

========================================================================
Received Import Request.
  Time since last request: 2.333244 seconds.
  path: Assets/RockFREE/Materials
  artifactKey: Guid(1835d4aa33740d9498bedb47ae158eaf) Importer(815301076,1909f56bfc062723c751e8b465ee728b)
Start importing Assets/RockFREE/Materials using Guid(1835d4aa33740d9498bedb47ae158eaf) Importer(815301076,1909f56bfc062723c751e8b465ee728b) (PreviewImporter) -> (artifact id: '65eda1320cd54a8e07bf6a3891c1992e') in 0.0004627 seconds
Number of updated asset objects reloaded before import = 0Number of asset objects unloaded after import = 0

========================================================================
Received Import Request.
  Time since last request: 3.019039 seconds.
  path: Assets/RockFREE/mesh
  artifactKey: Guid(7b4e81ec782e90e4eb697d0c7f402967) Importer(815301076,1909f56bfc062723c751e8b465ee728b)
Start importing Assets/RockFREE/mesh using Guid(7b4e81ec782e90e4eb697d0c7f402967) Importer(815301076,1909f56bfc062723c751e8b465ee728b) (PreviewImporter) -> (artifact id: 'fd9872f3a20b7452a25cd92167932fc0') in 0.0004697 seconds
Number of updated asset objects reloaded before import = 0Number of asset objects unloaded after import = 0

========================================================================
Received Import Request.
  Time since last request: 0.030219 seconds.
  path: Assets/RockFREE/mesh/rock1_LOD0.fbx
  artifactKey: Guid(395cce1cea808a54c8df538cf4ff0a21) Importer(815301076,1909f56bfc062723c751e8b465ee728b)
Start importing Assets/RockFREE/mesh/rock1_LOD0.fbx using Guid(395cce1cea808a54c8df538cf4ff0a21) Importer(815301076,1909f56bfc062723c751e8b465ee728b) (PreviewImporter) -> (artifact id: 'e7cb482525ed66c05f9c779b0879a71b') in 0.7983624 seconds
Number of updated asset objects reloaded before import = 0Number of asset objects unloaded after import = 339

========================================================================
Received Import Request.
  Time since last request: 0.000053 seconds.
  path: Assets/RockFREE/mesh/rock1_LOD2.fbx
  artifactKey: Guid(f101d47fcb49a7c46ba553053a42ba56) Importer(815301076,1909f56bfc062723c751e8b465ee728b)
Start importing Assets/RockFREE/mesh/rock1_LOD2.fbx using Guid(f101d47fcb49a7c46ba553053a42ba56) Importer(815301076,1909f56bfc062723c751e8b465ee728b) (PreviewImporter) -> (artifact id: 'd9a819f2d6b0f44f3bc09a039b948471') in 0.026726 seconds
Number of updated asset objects reloaded before import = 0Number of asset objects unloaded after import = 12

========================================================================
Received Import Request.
  Time since last request: 0.000026 seconds.
  path: Assets/RockFREE/mesh/rock5_LOD1.fbx
  artifactKey: Guid(0ed37f148e3166d42b0d653a3ba63eba) Importer(815301076,1909f56bfc062723c751e8b465ee728b)
Start importing Assets/RockFREE/mesh/rock5_LOD1.fbx using Guid(0ed37f148e3166d42b0d653a3ba63eba) Importer(815301076,1909f56bfc062723c751e8b465ee728b) (PreviewImporter) -> (artifact id: '4c58c7df1709bc8d960c84853e54af49') in 0.0240914 seconds
Number of updated asset objects reloaded before import = 0Number of asset objects unloaded after import = 12

========================================================================
Received Import Request.
  Time since last request: 0.000019 seconds.
  path: Assets/RockFREE/mesh/rock2_LOD0.fbx
  artifactKey: Guid(5fe2f5cc1c7e6b542a0254c5b54176fa) Importer(815301076,1909f56bfc062723c751e8b465ee728b)
Start importing Assets/RockFREE/mesh/rock2_LOD0.fbx using Guid(5fe2f5cc1c7e6b542a0254c5b54176fa) Importer(815301076,1909f56bfc062723c751e8b465ee728b) (PreviewImporter) -> (artifact id: '71c1ae9d7b6edcdd548d74ffb2252e55') in 0.0488915 seconds
Number of updated asset objects reloaded before import = 0Number of asset objects unloaded after import = 12

========================================================================
Received Import Request.
  Time since last request: 0.000019 seconds.
  path: Assets/RockFREE/mesh/rock5_LOD2.fbx
  artifactKey: Guid(8414d8f854290ba4187559add5d51c3e) Importer(815301076,1909f56bfc062723c751e8b465ee728b)
Start importing Assets/RockFREE/mesh/rock5_LOD2.fbx using Guid(8414d8f854290ba4187559add5d51c3e) Importer(815301076,1909f56bfc062723c751e8b465ee728b) (PreviewImporter) -> (artifact id: '5e40fffc305e368695a7081c039a3a6f') in 0.0265436 seconds
Number of updated asset objects reloaded before import = 0Number of asset objects unloaded after import = 12

========================================================================
Received Import Request.
  Time since last request: 0.000024 seconds.
  path: Assets/RockFREE/mesh/rock4_LOD2.fbx
  artifactKey: Guid(3e0e689754be2b24ca3288f9bad7aa61) Importer(815301076,1909f56bfc062723c751e8b465ee728b)
Start importing Assets/RockFREE/mesh/rock4_LOD2.fbx using Guid(3e0e689754be2b24ca3288f9bad7aa61) Importer(815301076,1909f56bfc062723c751e8b465ee728b) (PreviewImporter) -> (artifact id: 'adfc2b2596ca28bc5346b57fad790002') in 0.0217548 seconds
Number of updated asset objects reloaded before import = 0Number of asset objects unloaded after import = 12

========================================================================
Received Import Request.
  Time since last request: 0.000049 seconds.
  path: Assets/RockFREE/mesh/rock3_LOD2.fbx
  artifactKey: Guid(021723daefca0c64ca5ee38d604b5df3) Importer(815301076,1909f56bfc062723c751e8b465ee728b)
Start importing Assets/RockFREE/mesh/rock3_LOD2.fbx using Guid(021723daefca0c64ca5ee38d604b5df3) Importer(815301076,1909f56bfc062723c751e8b465ee728b) (PreviewImporter) -> (artifact id: '830fbcc9094491180e64ec328ac0e7b1') in 0.0375358 seconds
Number of updated asset objects reloaded before import = 0Number of asset objects unloaded after import = 12

========================================================================
Received Import Request.
  Time since last request: 0.000023 seconds.
  path: Assets/RockFREE/mesh/rock2_LOD2.fbx
  artifactKey: Guid(a6ec3703e29203d4cb67b94418cddab8) Importer(815301076,1909f56bfc062723c751e8b465ee728b)
Start importing Assets/RockFREE/mesh/rock2_LOD2.fbx using Guid(a6ec3703e29203d4cb67b94418cddab8) Importer(815301076,1909f56bfc062723c751e8b465ee728b) (PreviewImporter) -> (artifact id: '8531950900666ec11d4a3d2f5d2f50e5') in 0.042607 seconds
Number of updated asset objects reloaded before import = 0Number of asset objects unloaded after import = 12

========================================================================
Received Import Request.
  Time since last request: 0.000020 seconds.
  path: Assets/RockFREE/mesh/rock3_LOD0.fbx
  artifactKey: Guid(413339dbbc52e4e44a563d9f8e19340c) Importer(815301076,1909f56bfc062723c751e8b465ee728b)
Start importing Assets/RockFREE/mesh/rock3_LOD0.fbx using Guid(413339dbbc52e4e44a563d9f8e19340c) Importer(815301076,1909f56bfc062723c751e8b465ee728b) (PreviewImporter) -> (artifact id: 'cd0e448960c55e85ed7b26b1419c6463') in 0.0352321 seconds
Number of updated asset objects reloaded before import = 0Number of asset objects unloaded after import = 12

========================================================================
Received Import Request.
  Time since last request: 36.908524 seconds.
  path: Assets/RockFREE/mesh/rock1.mat
  artifactKey: Guid(e45f109871fdeec4296595e40202f59c) Importer(815301076,1909f56bfc062723c751e8b465ee728b)
Start importing Assets/RockFREE/mesh/rock1.mat using Guid(e45f109871fdeec4296595e40202f59c) Importer(815301076,1909f56bfc062723c751e8b465ee728b) (PreviewImporter) -> (artifact id: '1b2c9adf0c9dfaf5de3afed21216c564') in 0.1266467 seconds
Number of updated asset objects reloaded before import = 0Number of asset objects unloaded after import = 3

========================================================================
Received Import Request.
  Time since last request: 39.330850 seconds.
  path: Assets/RockFREE/mesh/rock3.mat
  artifactKey: Guid(ca31bfad2da908042a24e1f34e9d386f) Importer(815301076,1909f56bfc062723c751e8b465ee728b)
Start importing Assets/RockFREE/mesh/rock3.mat using Guid(ca31bfad2da908042a24e1f34e9d386f) Importer(815301076,1909f56bfc062723c751e8b465ee728b) (PreviewImporter) -> (artifact id: '983244f29b317748031f89d05008350d') in 0.0203129 seconds
Number of updated asset objects reloaded before import = 0Number of asset objects unloaded after import = 3

========================================================================
Received Import Request.
  Time since last request: 76.843015 seconds.
  path: Assets/RockFREE/mesh/rock2.mat
  artifactKey: Guid(9faa5d8ea15da6a4a9ab11ce69ed390b) Importer(815301076,1909f56bfc062723c751e8b465ee728b)
Start importing Assets/RockFREE/mesh/rock2.mat using Guid(9faa5d8ea15da6a4a9ab11ce69ed390b) Importer(815301076,1909f56bfc062723c751e8b465ee728b) (PreviewImporter) -> (artifact id: 'd0250fc36dab9c4d437a11f9193bb799') in 0.0351178 seconds
Number of updated asset objects reloaded before import = 0Number of asset objects unloaded after import = 3

========================================================================
Received Import Request.
  Time since last request: 163.588712 seconds.
  path: Assets/_TerrainAutoUpgrade/layer_Terr_Dirt_DiffuseTerr_Dirt_Normal2023054508611406.terrainlayer
  artifactKey: Guid(fabe2738c668cd948803ebbfd5ec72d8) Importer(815301076,1909f56bfc062723c751e8b465ee728b)
Start importing Assets/_TerrainAutoUpgrade/layer_Terr_Dirt_DiffuseTerr_Dirt_Normal2023054508611406.terrainlayer using Guid(fabe2738c668cd948803ebbfd5ec72d8) Importer(815301076,1909f56bfc062723c751e8b465ee728b) (PreviewImporter)[Licensing::Client] Successfully resolved entitlement details
[Licensing::Client] Successfully resolved entitlement details
[Licensing::Client] Successfully resolved entitlement details
 -> (artifact id: 'c31de923f9f833e6452344921f293d35') in 0.0408586 seconds
Number of updated asset objects reloaded before import = 0Number of asset objects unloaded after import = 4

========================================================================
Received Import Request.
  Time since last request: 0.000019 seconds.
  path: Assets/_TerrainAutoUpgrade/layer_Terr_Grass_DiffuseTerr_Grass_Normal3d3aba195e4d26ee.terrainlayer
  artifactKey: Guid(a3673d6669e57184f96257599ebd933b) Importer(815301076,1909f56bfc062723c751e8b465ee728b)
Start importing Assets/_TerrainAutoUpgrade/layer_Terr_Grass_DiffuseTerr_Grass_Normal3d3aba195e4d26ee.terrainlayer using Guid(a3673d6669e57184f96257599ebd933b) Importer(815301076,1909f56bfc062723c751e8b465ee728b) (PreviewImporter) -> (artifact id: '4b96ab9225664db153b2c00a6ea3983d') in 0.0284709 seconds
Number of updated asset objects reloaded before import = 0Number of asset objects unloaded after import = 4

========================================================================
Received Import Request.
  Time since last request: 1.401745 seconds.
  path: Assets/RockFREE/Textures/Terrain_Textures/Ground_Textures/Terr_Cliff_Rock_Normal.psd
  artifactKey: Guid(98b4ee744ae41e343a3e6f5e84f71f71) Importer(815301076,1909f56bfc062723c751e8b465ee728b)
Start importing Assets/RockFREE/Textures/Terrain_Textures/Ground_Textures/Terr_Cliff_Rock_Normal.psd using Guid(98b4ee744ae41e343a3e6f5e84f71f71) Importer(815301076,1909f56bfc062723c751e8b465ee728b) (PreviewImporter) -> (artifact id: 'da72ce31c12df4ab9dfde916a2b3cb61') in 0.029611 seconds
Number of updated asset objects reloaded before import = 0Number of asset objects unloaded after import = 2

========================================================================
Received Import Request.
  Time since last request: 1.387549 seconds.
  path: Assets/RockFREE/Textures/Terrain_Textures/Ground_Textures/Terr_Grass_Normal.psd
  artifactKey: Guid(7e28e32cf872e1e4b804bbe33f1b612c) Importer(815301076,1909f56bfc062723c751e8b465ee728b)
Start importing Assets/RockFREE/Textures/Terrain_Textures/Ground_Textures/Terr_Grass_Normal.psd using Guid(7e28e32cf872e1e4b804bbe33f1b612c) Importer(815301076,1909f56bfc062723c751e8b465ee728b) (PreviewImporter) -> (artifact id: 'eb3d5942bb08aa849d6eb21080a0b784') in 0.033805 seconds
Number of updated asset objects reloaded before import = 0Number of asset objects unloaded after import = 2

========================================================================
Received Import Request.
  Time since last request: 10.035541 seconds.
  path: Assets/AwesomeFreeScans/WoodLogs/Models/LowEndPC/SM_AFS_Log02_LowEndPC.fbx
  artifactKey: Guid(e3cce3896a41308488ee7432c80da28d) Importer(815301076,1909f56bfc062723c751e8b465ee728b)
Start importing Assets/AwesomeFreeScans/WoodLogs/Models/LowEndPC/SM_AFS_Log02_LowEndPC.fbx using Guid(e3cce3896a41308488ee7432c80da28d) Importer(815301076,1909f56bfc062723c751e8b465ee728b) (PreviewImporter) -> (artifact id: '7fdaa0e8f28f0515fe4501d9dd859c35') in 0.0431722 seconds
Number of updated asset objects reloaded before import = 0Number of asset objects unloaded after import = 7

========================================================================
Received Import Request.
  Time since last request: 0.000018 seconds.
  path: Assets/AwesomeFreeScans/WoodLogs/Models/LowEndPC/SM_AFS_Log17_LowEndPC.fbx
  artifactKey: Guid(c33eb345147005646b8d96810a1ca649) Importer(815301076,1909f56bfc062723c751e8b465ee728b)
Start importing Assets/AwesomeFreeScans/WoodLogs/Models/LowEndPC/SM_AFS_Log17_LowEndPC.fbx using Guid(c33eb345147005646b8d96810a1ca649) Importer(815301076,1909f56bfc062723c751e8b465ee728b) (PreviewImporter) -> (artifact id: '457414b3b0f88e341d7cdaf8221277e3') in 0.0334751 seconds
Number of updated asset objects reloaded before import = 0Number of asset objects unloaded after import = 7

========================================================================
Received Import Request.
  Time since last request: 0.000028 seconds.
  path: Assets/AwesomeFreeScans/WoodLogs/Models/LowEndPC/SM_AFS_Log12_LowEndPC.fbx
  artifactKey: Guid(6df44e0d7fe2e0a4e9aafa01859cf7c8) Importer(815301076,1909f56bfc062723c751e8b465ee728b)
Start importing Assets/AwesomeFreeScans/WoodLogs/Models/LowEndPC/SM_AFS_Log12_LowEndPC.fbx using Guid(6df44e0d7fe2e0a4e9aafa01859cf7c8) Importer(815301076,1909f56bfc062723c751e8b465ee728b) (PreviewImporter) -> (artifact id: 'd213b6102fc7126ff70bb7b8b86d3b00') in 0.0259775 seconds
Number of updated asset objects reloaded before import = 0Number of asset objects unloaded after import = 7

========================================================================
Received Import Request.
  Time since last request: 0.000032 seconds.
  path: Assets/AwesomeFreeScans/WoodLogs/Models/LowEndPC/SM_AFS_Log27_LowEndPC.fbx
  artifactKey: Guid(88dfa28c63741604c8b98542338f7572) Importer(815301076,1909f56bfc062723c751e8b465ee728b)
Start importing Assets/AwesomeFreeScans/WoodLogs/Models/LowEndPC/SM_AFS_Log27_LowEndPC.fbx using Guid(88dfa28c63741604c8b98542338f7572) Importer(815301076,1909f56bfc062723c751e8b465ee728b) (PreviewImporter) -> (artifact id: '71a74c3969c94bb6ede3fe13fc9f5eca') in 0.0241072 seconds
Number of updated asset objects reloaded before import = 0Number of asset objects unloaded after import = 7

========================================================================
Received Import Request.
  Time since last request: 0.000017 seconds.
  path: Assets/AwesomeFreeScans/WoodLogs/Models/LowEndPC/SM_AFS_Log23_LowEndPC.fbx
  artifactKey: Guid(c354f1b262d7e5c4b81f61b32b2d732d) Importer(815301076,1909f56bfc062723c751e8b465ee728b)
Start importing Assets/AwesomeFreeScans/WoodLogs/Models/LowEndPC/SM_AFS_Log23_LowEndPC.fbx using Guid(c354f1b262d7e5c4b81f61b32b2d732d) Importer(815301076,1909f56bfc062723c751e8b465ee728b) (PreviewImporter) -> (artifact id: '18e5b0e506b58a0d0778efd339bb2cc4') in 0.028291 seconds
Number of updated asset objects reloaded before import = 0Number of asset objects unloaded after import = 7

========================================================================
Received Import Request.
  Time since last request: 0.000021 seconds.
  path: Assets/AwesomeFreeScans/WoodLogs/Models/LowEndPC/SM_AFS_Log18_LowEndPC.fbx
  artifactKey: Guid(b2f88c9a4812587449268ba8ee0fb8fd) Importer(815301076,1909f56bfc062723c751e8b465ee728b)
Start importing Assets/AwesomeFreeScans/WoodLogs/Models/LowEndPC/SM_AFS_Log18_LowEndPC.fbx using Guid(b2f88c9a4812587449268ba8ee0fb8fd) Importer(815301076,1909f56bfc062723c751e8b465ee728b) (PreviewImporter) -> (artifact id: '03eacbbeaa9b4dfa50b869036a91b7b5') in 0.0200494 seconds
Number of updated asset objects reloaded before import = 0Number of asset objects unloaded after import = 7

========================================================================
Received Import Request.
  Time since last request: 0.000018 seconds.
  path: Assets/AwesomeFreeScans/WoodLogs/Models/LowEndPC/SM_AFS_Log06_LowEndPC.fbx
  artifactKey: Guid(b51ff95fadd73da458fcb1744e54120b) Importer(815301076,1909f56bfc062723c751e8b465ee728b)
Start importing Assets/AwesomeFreeScans/WoodLogs/Models/LowEndPC/SM_AFS_Log06_LowEndPC.fbx using Guid(b51ff95fadd73da458fcb1744e54120b) Importer(815301076,1909f56bfc062723c751e8b465ee728b) (PreviewImporter) -> (artifact id: '365c20edd3bbc8abe39a8d1aa265da93') in 0.0210022 seconds
Number of updated asset objects reloaded before import = 0Number of asset objects unloaded after import = 7

========================================================================
Received Import Request.
  Time since last request: 0.000023 seconds.
  path: Assets/AwesomeFreeScans/WoodLogs/Models/LowEndPC/SM_AFS_Log13_LowEndPC.fbx
  artifactKey: Guid(4ed72fbe609c6aa4d90ff3765fecb5e5) Importer(815301076,1909f56bfc062723c751e8b465ee728b)
Start importing Assets/AwesomeFreeScans/WoodLogs/Models/LowEndPC/SM_AFS_Log13_LowEndPC.fbx using Guid(4ed72fbe609c6aa4d90ff3765fecb5e5) Importer(815301076,1909f56bfc062723c751e8b465ee728b) (PreviewImporter) -> (artifact id: 'd2f7ce98da21d90827c1438eae43f192') in 0.0188023 seconds
Number of updated asset objects reloaded before import = 0Number of asset objects unloaded after import = 7

========================================================================
Received Import Request.
  Time since last request: 0.000018 seconds.
  path: Assets/AwesomeFreeScans/WoodLogs/Models/LowEndPC/SM_AFS_Log21_LowEndPC.fbx
  artifactKey: Guid(ead3cadf42be95d4181999300fd7635d) Importer(815301076,1909f56bfc062723c751e8b465ee728b)
Start importing Assets/AwesomeFreeScans/WoodLogs/Models/LowEndPC/SM_AFS_Log21_LowEndPC.fbx using Guid(ead3cadf42be95d4181999300fd7635d) Importer(815301076,1909f56bfc062723c751e8b465ee728b) (PreviewImporter) -> (artifact id: 'f0d45820ffd5103df96b79c230ac22fe') in 0.0196635 seconds
Number of updated asset objects reloaded before import = 0Number of asset objects unloaded after import = 7

========================================================================
Received Import Request.
  Time since last request: 0.000017 seconds.
  path: Assets/AwesomeFreeScans/WoodLogs/Models/LowEndPC/SM_AFS_Log09_LowEndPC.fbx
  artifactKey: Guid(471720b8a3a084b4bab531c4f5e2a9fd) Importer(815301076,1909f56bfc062723c751e8b465ee728b)
Start importing Assets/AwesomeFreeScans/WoodLogs/Models/LowEndPC/SM_AFS_Log09_LowEndPC.fbx using Guid(471720b8a3a084b4bab531c4f5e2a9fd) Importer(815301076,1909f56bfc062723c751e8b465ee728b) (PreviewImporter) -> (artifact id: '259701d2bc15695b45e7e316139b6f37') in 0.019764 seconds
Number of updated asset objects reloaded before import = 0Number of asset objects unloaded after import = 7

========================================================================
Received Import Request.
  Time since last request: 0.000020 seconds.
  path: Assets/AwesomeFreeScans/WoodLogs/Models/LowEndPC/SM_AFS_Log11_LowEndPC.fbx
  artifactKey: Guid(cd24aa58185cd0b48aa93a46f3e3cc54) Importer(815301076,1909f56bfc062723c751e8b465ee728b)
Start importing Assets/AwesomeFreeScans/WoodLogs/Models/LowEndPC/SM_AFS_Log11_LowEndPC.fbx using Guid(cd24aa58185cd0b48aa93a46f3e3cc54) Importer(815301076,1909f56bfc062723c751e8b465ee728b) (PreviewImporter) -> (artifact id: '087a846b735d20cd2df2cb6f0d0eaf12') in 0.0188531 seconds
Number of updated asset objects reloaded before import = 0Number of asset objects unloaded after import = 7

========================================================================
Received Import Request.
  Time since last request: 0.000030 seconds.
  path: Assets/AwesomeFreeScans/WoodLogs/Models/LowEndPC/SM_AFS_Log04_LowEndPC.fbx
  artifactKey: Guid(6edfe194e8367784e852a0178c1a169b) Importer(815301076,1909f56bfc062723c751e8b465ee728b)
Start importing Assets/AwesomeFreeScans/WoodLogs/Models/LowEndPC/SM_AFS_Log04_LowEndPC.fbx using Guid(6edfe194e8367784e852a0178c1a169b) Importer(815301076,1909f56bfc062723c751e8b465ee728b) (PreviewImporter) -> (artifact id: '1191245d5ba56a0ebe20cb60c77fdfba') in 0.0192349 seconds
Number of updated asset objects reloaded before import = 0Number of asset objects unloaded after import = 7

========================================================================
Received Import Request.
  Time since last request: 0.000018 seconds.
  path: Assets/AwesomeFreeScans/WoodLogs/Models/LowEndPC/SM_AFS_Log14_LowEndPC.fbx
  artifactKey: Guid(db58f3a6275a41d4ab9c99389bbc7d42) Importer(815301076,1909f56bfc062723c751e8b465ee728b)
Start importing Assets/AwesomeFreeScans/WoodLogs/Models/LowEndPC/SM_AFS_Log14_LowEndPC.fbx using Guid(db58f3a6275a41d4ab9c99389bbc7d42) Importer(815301076,1909f56bfc062723c751e8b465ee728b) (PreviewImporter) -> (artifact id: '9b3514b17d5fabaae50cdedaf36db1aa') in 0.0194145 seconds
Number of updated asset objects reloaded before import = 0Number of asset objects unloaded after import = 7

========================================================================
Received Import Request.
  Time since last request: 0.000018 seconds.
  path: Assets/AwesomeFreeScans/WoodLogs/Models/LowEndPC/SM_AFS_Log25_LowEndPC.fbx
  artifactKey: Guid(e72de7334d63b0543938fdd8f56334ae) Importer(815301076,1909f56bfc062723c751e8b465ee728b)
Start importing Assets/AwesomeFreeScans/WoodLogs/Models/LowEndPC/SM_AFS_Log25_LowEndPC.fbx using Guid(e72de7334d63b0543938fdd8f56334ae) Importer(815301076,1909f56bfc062723c751e8b465ee728b) (PreviewImporter) -> (artifact id: '2944a467af5cad7e308f38d1e277ffe4') in 0.0193698 seconds
Number of updated asset objects reloaded before import = 0Number of asset objects unloaded after import = 7

========================================================================
Received Import Request.
  Time since last request: 0.000020 seconds.
  path: Assets/AwesomeFreeScans/WoodLogs/Models/LowEndPC/SM_AFS_Log29_LowEndPC.fbx
  artifactKey: Guid(247db536a4185d84997433f6e5694342) Importer(815301076,1909f56bfc062723c751e8b465ee728b)
Start importing Assets/AwesomeFreeScans/WoodLogs/Models/LowEndPC/SM_AFS_Log29_LowEndPC.fbx using Guid(247db536a4185d84997433f6e5694342) Importer(815301076,1909f56bfc062723c751e8b465ee728b) (PreviewImporter) -> (artifact id: '969e4c79998b1997b3725e31bbedab74') in 0.0213386 seconds
Number of updated asset objects reloaded before import = 0Number of asset objects unloaded after import = 7

Editor requested this worker to shutdown with reason: Scaling down because of idle timeout
AssetImportWorker is now disconnected from the server
Process exiting
Exiting without the bug reporter. Application will terminate with return code 0