Base path: 'C:/Program Files/Unity/Hub/Editor/6000.2.1f1/Editor/Data', plugins path 'C:/Program Files/Unity/Hub/Editor/6000.2.1f1/Editor/Data/PlaybackEngines'
Cmd: initializeCompiler

Cmd: compileSnippet
  insize=10882 file=Assets/WaterWorks/Shaders/Volumetric_Water.shader name=GapperGames/Volumetric_Water pass=Universal Forward ppOnly=0 stripLineD=0 buildPlatform=19 rsLen=0 pKW=UNITY_ENABLE_REFLECTION_BUFFERS UNITY_USE_DITHER_MASK_FOR_ALPHABLENDED_SHADOWS UNITY_PBS_USE_BRDF1 UNITY_SPECCUBE_BOX_PROJECTION UNITY_SPECCUBE_BLENDING UNITY_ENABLE_DETAIL_NORMALMAP SHADER_API_DESKTOP UNITY_LIGHT_PROBE_PROXY_VOLUME UNITY_LIGHTMAP_FULL_HDR UNITY_PLATFORM_SUPPORTS_DEPTH_FETCH uKW=_SCREEN_SPACE_OCCLUSION _MAIN_LIGHT_SHADOWS _ADDITIONAL_LIGHTS_VERTEX _ADDITIONAL_LIGHT_SHADOWS dKW=DOTS_INSTANCING_ON LIGHTMAP_ON DIRLIGHTMAP_COMBINED _MAIN_LIGHT_SHADOWS_CASCADE _MAIN_LIGHT_SHADOWS_SCREEN _ADDITIONAL_LIGHTS _ADDITIONAL_OFF _SHADOWS_SOFT LIGHTMAP_SHADOW_MIXING SHADOWS_SHADOWMASK INSTANCING_ON FOG_LINEAR FOG_EXP FOG_EXP2 UNITY_NO_DXT5nm UNITY_FRAMEBUFFER_FETCH_AVAILABLE UNITY_METAL_SHADOWS_USE_POINT_FILTERING UNITY_NO_SCREENSPACE_SHADOWS UNITY_PBS_USE_BRDF2 UNITY_PBS_USE_BRDF3 UNITY_HARDWARE_TIER1 UNITY_HARDWARE_TIER2 UNITY_HARDWARE_TIER3 UNITY_COLORSPACE_GAMMA UNITY_LIGHTMAP_DLDR_ENCODING UNITY_LIGHTMAP_RGBM_ENCODING UNITY_VIRTUAL_TEXTURING UNITY_PRETRANSFORM_TO_DISPLAY_ORIENTATION UNITY_ASTC_NORMALMAP_ENCODING SHADER_API_GLES30 SHADER_API_GLES31 SHADER_API_GLES32 UNITY_UNIFIED_SHADER_PRECISION_MODEL flags=0 lang=3 type=Vertex platform=d3d11 reqs=1101803 mask=6 start=33  error: 1 plat 4 at Assets/WaterWorks/Shaders/Water_Volume.hlsl(72): implicit truncation of vector type
  error: 1 plat 4 at Assets/WaterWorks/Shaders/Water_Volume.hlsl(73): implicit truncation of vector type
  error: 1 plat 4 at Assets/WaterWorks/Shaders/Water_Volume.hlsl(94): implicit truncation of vector type
  error: 1 plat 4 at Assets/WaterWorks/Shaders/Water_Volume.hlsl(95): implicit truncation of vector type
  error: 1 plat 4 at Assets/WaterWorks/Shaders/Water_Volume.hlsl(113): implicit truncation of vector type
  error: 1 plat 4 at Assets/WaterWorks/Shaders/Water_Volume.hlsl(140): 'Cellular': implicit truncation of vector type
  error: 1 plat 4 at Assets/WaterWorks/Shaders/Water_Volume.hlsl(140): implicit truncation of vector type
  error: 1 plat 4 at Assets/WaterWorks/Shaders/Water_Volume.hlsl(170): implicit truncation of vector type
  error: 1 plat 4 at Assets/WaterWorks/Shaders/Water_Volume.hlsl(172): 'lerp': implicit truncation of vector type
  error: 2 plat 4 at C:/Users/Steven/Documents/UnityProjects/MAGD372-SP25/MAGD372-SP25/Library/PackageCache/com.unity.render-pipelines.universal@facf525283ae/Editor/ShaderGraph/Includes/UnlitPass.hlsl(29): 'BuildVaryings': no matching 1 parameter function
 ok=0 outsize=0

Cmd: compileSnippet
  insize=10882 file=Assets/WaterWorks/Shaders/Volumetric_Water.shader name=GapperGames/Volumetric_Water pass=Universal Forward ppOnly=0 stripLineD=0 buildPlatform=19 rsLen=0 pKW=UNITY_ENABLE_REFLECTION_BUFFERS UNITY_USE_DITHER_MASK_FOR_ALPHABLENDED_SHADOWS UNITY_PBS_USE_BRDF1 UNITY_SPECCUBE_BOX_PROJECTION UNITY_SPECCUBE_BLENDING UNITY_ENABLE_DETAIL_NORMALMAP SHADER_API_DESKTOP UNITY_LIGHT_PROBE_PROXY_VOLUME UNITY_LIGHTMAP_FULL_HDR UNITY_PLATFORM_SUPPORTS_DEPTH_FETCH uKW=_SCREEN_SPACE_OCCLUSION _MAIN_LIGHT_SHADOWS _ADDITIONAL_LIGHTS_VERTEX _ADDITIONAL_LIGHT_SHADOWS dKW=DOTS_INSTANCING_ON LIGHTMAP_ON DIRLIGHTMAP_COMBINED _MAIN_LIGHT_SHADOWS_CASCADE _MAIN_LIGHT_SHADOWS_SCREEN _ADDITIONAL_LIGHTS _ADDITIONAL_OFF _SHADOWS_SOFT LIGHTMAP_SHADOW_MIXING SHADOWS_SHADOWMASK INSTANCING_ON FOG_LINEAR FOG_EXP FOG_EXP2 UNITY_NO_DXT5nm UNITY_FRAMEBUFFER_FETCH_AVAILABLE UNITY_METAL_SHADOWS_USE_POINT_FILTERING UNITY_NO_SCREENSPACE_SHADOWS UNITY_PBS_USE_BRDF2 UNITY_PBS_USE_BRDF3 UNITY_HARDWARE_TIER1 UNITY_HARDWARE_TIER2 UNITY_HARDWARE_TIER3 UNITY_COLORSPACE_GAMMA UNITY_LIGHTMAP_DLDR_ENCODING UNITY_LIGHTMAP_RGBM_ENCODING UNITY_VIRTUAL_TEXTURING UNITY_PRETRANSFORM_TO_DISPLAY_ORIENTATION UNITY_ASTC_NORMALMAP_ENCODING SHADER_API_GLES30 SHADER_API_GLES31 SHADER_API_GLES32 UNITY_UNIFIED_SHADER_PRECISION_MODEL flags=0 lang=3 type=Fragment platform=d3d11 reqs=1101803 mask=6 start=33  error: 1 plat 4 at Assets/WaterWorks/Shaders/Water_Volume.hlsl(72): implicit truncation of vector type
  error: 1 plat 4 at Assets/WaterWorks/Shaders/Water_Volume.hlsl(73): implicit truncation of vector type
  error: 1 plat 4 at Assets/WaterWorks/Shaders/Water_Volume.hlsl(94): implicit truncation of vector type
  error: 1 plat 4 at Assets/WaterWorks/Shaders/Water_Volume.hlsl(95): implicit truncation of vector type
  error: 1 plat 4 at Assets/WaterWorks/Shaders/Water_Volume.hlsl(113): implicit truncation of vector type
  error: 1 plat 4 at Assets/WaterWorks/Shaders/Water_Volume.hlsl(140): 'Cellular': implicit truncation of vector type
  error: 1 plat 4 at Assets/WaterWorks/Shaders/Water_Volume.hlsl(140): implicit truncation of vector type
  error: 1 plat 4 at Assets/WaterWorks/Shaders/Water_Volume.hlsl(170): implicit truncation of vector type
  error: 1 plat 4 at Assets/WaterWorks/Shaders/Water_Volume.hlsl(172): 'lerp': implicit truncation of vector type
  error: 2 plat 4 at C:/Users/Steven/Documents/UnityProjects/MAGD372-SP25/MAGD372-SP25/Library/PackageCache/com.unity.render-pipelines.universal@facf525283ae/Editor/ShaderGraph/Includes/UnlitPass.hlsl(29): 'BuildVaryings': no matching 1 parameter function
 ok=0 outsize=0

Cmd: compileSnippet
  insize=25839 file=Assets/WaterWorks/Shaders/SSR_Water.shadergraph name=Shader Graphs/SSR_Water pass=ShadowCaster ppOnly=0 stripLineD=0 buildPlatform=19 rsLen=0 pKW=UNITY_ENABLE_REFLECTION_BUFFERS UNITY_USE_DITHER_MASK_FOR_ALPHABLENDED_SHADOWS UNITY_PBS_USE_BRDF1 UNITY_SPECCUBE_BOX_PROJECTION UNITY_SPECCUBE_BLENDING UNITY_ENABLE_DETAIL_NORMALMAP SHADER_API_DESKTOP UNITY_LIGHT_PROBE_PROXY_VOLUME UNITY_LIGHTMAP_FULL_HDR UNITY_PLATFORM_SUPPORTS_DEPTH_FETCH UNITY_PASS_SHADOWCASTER uKW= dKW=_CASTING_PUNCTUAL_LIGHT_SHADOW DOTS_INSTANCING_ON INSTANCING_ON UNITY_NO_DXT5nm UNITY_FRAMEBUFFER_FETCH_AVAILABLE UNITY_METAL_SHADOWS_USE_POINT_FILTERING UNITY_NO_SCREENSPACE_SHADOWS UNITY_PBS_USE_BRDF2 UNITY_PBS_USE_BRDF3 UNITY_HARDWARE_TIER1 UNITY_HARDWARE_TIER2 UNITY_HARDWARE_TIER3 UNITY_COLORSPACE_GAMMA UNITY_LIGHTMAP_DLDR_ENCODING UNITY_LIGHTMAP_RGBM_ENCODING UNITY_VIRTUAL_TEXTURING UNITY_PRETRANSFORM_TO_DISPLAY_ORIENTATION UNITY_ASTC_NORMALMAP_ENCODING SHADER_API_GLES30 SHADER_API_GLES31 SHADER_API_GLES32 UNITY_UNIFIED_SHADER_PRECISION_MODEL flags=0 lang=3 type=Vertex platform=d3d11 reqs=1 mask=6 start=2719 ok=1 outsize=6434

Cmd: compileSnippet
  insize=25839 file=Assets/WaterWorks/Shaders/SSR_Water.shadergraph name=Shader Graphs/SSR_Water pass=ShadowCaster ppOnly=0 stripLineD=0 buildPlatform=19 rsLen=0 pKW=UNITY_ENABLE_REFLECTION_BUFFERS UNITY_USE_DITHER_MASK_FOR_ALPHABLENDED_SHADOWS UNITY_PBS_USE_BRDF1 UNITY_SPECCUBE_BOX_PROJECTION UNITY_SPECCUBE_BLENDING UNITY_ENABLE_DETAIL_NORMALMAP SHADER_API_DESKTOP UNITY_LIGHT_PROBE_PROXY_VOLUME UNITY_LIGHTMAP_FULL_HDR UNITY_PLATFORM_SUPPORTS_DEPTH_FETCH UNITY_PASS_SHADOWCASTER uKW= dKW=DOTS_INSTANCING_ON INSTANCING_ON UNITY_NO_DXT5nm UNITY_FRAMEBUFFER_FETCH_AVAILABLE UNITY_METAL_SHADOWS_USE_POINT_FILTERING UNITY_NO_SCREENSPACE_SHADOWS UNITY_PBS_USE_BRDF2 UNITY_PBS_USE_BRDF3 UNITY_HARDWARE_TIER1 UNITY_HARDWARE_TIER2 UNITY_HARDWARE_TIER3 UNITY_COLORSPACE_GAMMA UNITY_LIGHTMAP_DLDR_ENCODING UNITY_LIGHTMAP_RGBM_ENCODING UNITY_VIRTUAL_TEXTURING UNITY_PRETRANSFORM_TO_DISPLAY_ORIENTATION UNITY_ASTC_NORMALMAP_ENCODING SHADER_API_GLES30 SHADER_API_GLES31 SHADER_API_GLES32 UNITY_UNIFIED_SHADER_PRECISION_MODEL flags=0 lang=3 type=Fragment platform=d3d11 reqs=1 mask=6 start=2719 ok=1 outsize=306

Unhandled exception: Protocol error - failed to read magic number. Error code 0x80000004 (Not connected). (transferred 0/4)

Quitting shader compiler process
